{"timestamp":"2025-04-24T15:12:13.316Z","level":"DEBUG","message":"Generated safe filename","data":{"original":"OIP-C.jpg","safe":"1745507533315-l3zvu6obmqg.jpg"}}
{"timestamp":"2025-04-24T15:12:13.318Z","level":"INFO","message":"Creating new project","data":{"body":{"name":"CLPT-0194","description":"123","start_date":"2025-04-10","end_date":"2025-04-24","status":"进行中"},"file":"1745507533315-l3zvu6obmqg.jpg"}}
{"timestamp":"2025-04-24T15:12:13.318Z","level":"DEBUG","message":"SQL Insert","data":{"sql":"INSERT INTO projects (name, description, start_date, end_date, status, cover_image)\n                VALUES (?, ?, ?, ?, ?, ?)","params":["CLPT-0194","123","2025-04-10","2025-04-24","进行中","/uploads/1745507533315-l3zvu6obmqg.jpg"]}}
{"timestamp":"2025-04-24T15:12:13.323Z","level":"INFO","message":"Project created successfully","data":{"id":1}}
{"timestamp":"2025-04-24T15:12:18.725Z","level":"INFO","message":"Getting project details","data":{"id":"1"}}
{"timestamp":"2025-04-24T15:12:18.726Z","level":"DEBUG","message":"Successfully fetched project details","data":{"id":"1","hasMilestones":false,"hasMaterials":false,"hasDocuments":false,"hasTeam":false,"hasPlans":false}}
{"timestamp":"2025-04-25T14:52:33.881Z","level":"WARN","message":"404 Not Found","data":{"url":"/favicon.ico"}}
{"timestamp":"2025-04-25T14:52:40.406Z","level":"INFO","message":"Getting project details","data":{"id":"1"}}
{"timestamp":"2025-04-25T14:52:40.409Z","level":"DEBUG","message":"Successfully fetched project details","data":{"id":"1","hasMilestones":false,"hasMaterials":false,"hasDocuments":false,"hasTeam":false,"hasPlans":false}}
{"timestamp":"2025-04-26T12:20:29.014Z","level":"INFO","message":"Getting project details","data":{"id":"1"}}
{"timestamp":"2025-04-26T12:20:29.016Z","level":"DEBUG","message":"Successfully fetched project details","data":{"id":"1","hasMilestones":false,"hasMaterials":false,"hasDocuments":false,"hasTeam":false,"hasPlans":false}}
{"timestamp":"2025-04-26T12:21:06.952Z","level":"WARN","message":"Invalid file type rejected","data":{"mimetype":"image/avif"}}
{"timestamp":"2025-04-26T12:21:06.954Z","level":"ERROR","message":"Unhandled application error","data":{"error":"只允许上传JPG、PNG、GIF或WEBP格式的图片文件","stack":"Error: 只允许上传JPG、PNG、GIF或WEBP格式的图片文件\n    at fileFilter (D:\\MyProgram\\Python_3\\app.js:248:8)\n    at wrappedFileFilter (D:\\MyProgram\\Python_3\\node_modules\\multer\\index.js:44:7)\n    at Multipart.<anonymous> (D:\\MyProgram\\Python_3\\node_modules\\multer\\lib\\make-middleware.js:109:7)\n    at Multipart.emit (node:events:518:28)\n    at HeaderParser.cb (D:\\MyProgram\\Python_3\\node_modules\\busboy\\lib\\types\\multipart.js:358:14)\n    at HeaderParser.push (D:\\MyProgram\\Python_3\\node_modules\\busboy\\lib\\types\\multipart.js:162:20)\n    at SBMH.ssCb [as _cb] (D:\\MyProgram\\Python_3\\node_modules\\busboy\\lib\\types\\multipart.js:394:37)\n    at feed (D:\\MyProgram\\Python_3\\node_modules\\streamsearch\\lib\\sbmh.js:219:14)\n    at SBMH.push (D:\\MyProgram\\Python_3\\node_modules\\streamsearch\\lib\\sbmh.js:104:16)\n    at Multipart._write (D:\\MyProgram\\Python_3\\node_modules\\busboy\\lib\\types\\multipart.js:567:19)"}}
{"timestamp":"2025-04-26T12:23:49.217Z","level":"DEBUG","message":"Generated safe filename","data":{"original":"å±å¹æªå¾ 2025-04-26 202308.png","safe":"1745670229216-jon8tnn3wtk.png"}}
{"timestamp":"2025-04-26T12:23:49.220Z","level":"INFO","message":"Creating new project","data":{"body":{"name":"CLPT-0195","description":"Vanguard 360","start_date":"2025-04-04","end_date":"2025-04-24","status":"已完成"},"file":"1745670229216-jon8tnn3wtk.png"}}
{"timestamp":"2025-04-26T12:23:49.220Z","level":"DEBUG","message":"SQL Insert","data":{"sql":"INSERT INTO projects (name, description, start_date, end_date, status, cover_image)\n                VALUES (?, ?, ?, ?, ?, ?)","params":["CLPT-0195","Vanguard 360","2025-04-04","2025-04-24","已完成","/uploads/1745670229216-jon8tnn3wtk.png"]}}
{"timestamp":"2025-04-26T12:23:49.226Z","level":"INFO","message":"Project created successfully","data":{"id":2}}
{"timestamp":"2025-04-26T12:25:10.517Z","level":"INFO","message":"Getting project details","data":{"id":"2"}}
{"timestamp":"2025-04-26T12:25:10.518Z","level":"DEBUG","message":"Successfully fetched project details","data":{"id":"2","hasMilestones":false,"hasMaterials":false,"hasDocuments":false,"hasTeam":false,"hasPlans":false}}
{"timestamp":"2025-04-26T12:34:03.418Z","level":"INFO","message":"Getting project details","data":{"id":"2"}}
{"timestamp":"2025-04-26T12:34:03.420Z","level":"DEBUG","message":"Successfully fetched project details","data":{"id":"2","hasMilestones":false,"hasMaterials":false,"hasDocuments":false,"hasTeam":false,"hasPlans":false}}
{"timestamp":"2025-04-26T12:34:13.409Z","level":"INFO","message":"Getting project details","data":{"id":"2"}}
{"timestamp":"2025-04-26T12:34:13.410Z","level":"DEBUG","message":"Successfully fetched project details","data":{"id":"2","hasMilestones":false,"hasMaterials":false,"hasDocuments":false,"hasTeam":false,"hasPlans":false}}
{"timestamp":"2025-04-26T12:34:29.727Z","level":"INFO","message":"Getting project details","data":{"id":"2"}}
{"timestamp":"2025-04-26T12:34:29.727Z","level":"DEBUG","message":"Successfully fetched project details","data":{"id":"2","hasMilestones":false,"hasMaterials":false,"hasDocuments":false,"hasTeam":false,"hasPlans":false}}
{"timestamp":"2025-04-26T12:39:21.068Z","level":"INFO","message":"Getting project details","data":{"id":"2"}}
{"timestamp":"2025-04-26T12:39:21.069Z","level":"DEBUG","message":"Successfully fetched project details","data":{"id":"2","hasMilestones":false,"hasMaterials":false,"hasDocuments":false,"hasTeam":false,"hasPlans":false}}
